<?xml version="1.0" encoding="UTF-8"?>
<coverage generated="1616636997602" clover="3.2.0">
  <project timestamp="1616636997602" name="All files">
    <metrics statements="82" coveredstatements="78" conditionals="46" coveredconditionals="36" methods="27" coveredmethods="27" elements="155" coveredelements="141" complexity="0" loc="82" ncloc="82" packages="2" files="11" classes="11"/>
    <package name="src">
      <metrics statements="70" coveredstatements="66" conditionals="46" coveredconditionals="36" methods="27" coveredmethods="27"/>
      <file name="activity.ts" path="/home/nikita/task2_shri/src/activity.ts">
        <metrics statements="8" coveredstatements="8" conditionals="0" coveredconditionals="0" methods="3" coveredmethods="3"/>
        <line num="6" count="1" type="stmt"/>
        <line num="7" count="2" type="stmt"/>
        <line num="8" count="14" type="stmt"/>
        <line num="9" count="2" type="stmt"/>
        <line num="10" count="2" type="stmt"/>
        <line num="11" count="354" type="stmt"/>
        <line num="12" count="354" type="stmt"/>
        <line num="14" count="2" type="stmt"/>
      </file>
      <file name="chart.ts" path="/home/nikita/task2_shri/src/chart.ts">
        <metrics statements="10" coveredstatements="10" conditionals="10" coveredconditionals="9" methods="5" coveredmethods="5"/>
        <line num="4" count="1" type="stmt"/>
        <line num="5" count="156" type="stmt"/>
        <line num="6" count="1" type="stmt"/>
        <line num="7" count="7855" type="stmt"/>
        <line num="8" count="103705" type="cond" truecount="2" falsecount="0"/>
        <line num="9" count="7855" type="cond" truecount="2" falsecount="0"/>
        <line num="12" count="1" type="stmt"/>
        <line num="16" count="39" type="cond" truecount="2" falsecount="0"/>
        <line num="17" count="1" type="cond" truecount="1" falsecount="1"/>
        <line num="19" count="38" type="cond" truecount="2" falsecount="0"/>
      </file>
      <file name="diagram.ts" path="/home/nikita/task2_shri/src/diagram.ts">
        <metrics statements="32" coveredstatements="29" conditionals="18" coveredconditionals="12" methods="9" coveredmethods="9"/>
        <line num="4" count="1" type="stmt"/>
        <line num="6" count="655" type="cond" truecount="3" falsecount="1"/>
        <line num="7" count="1" type="stmt"/>
        <line num="8" count="1" type="stmt"/>
        <line num="9" count="1" type="stmt"/>
        <line num="10" count="354" type="stmt"/>
        <line num="11" count="2134" type="cond" truecount="1" falsecount="1"/>
        <line num="12" count="2134" type="stmt"/>
        <line num="14" count="0" type="stmt"/>
        <line num="18" count="1" type="stmt"/>
        <line num="19" count="655" type="stmt"/>
        <line num="20" count="4066" type="cond" truecount="1" falsecount="1"/>
        <line num="21" count="4066" type="stmt"/>
        <line num="23" count="0" type="stmt"/>
        <line num="27" count="1" type="stmt"/>
        <line num="28" count="1" type="stmt"/>
        <line num="29" count="1" type="stmt"/>
        <line num="30" count="1" type="stmt"/>
        <line num="31" count="1" type="stmt"/>
        <line num="32" count="6200" type="cond" truecount="1" falsecount="1"/>
        <line num="35" count="6200" type="cond" truecount="2" falsecount="0"/>
        <line num="36" count="2134" type="stmt"/>
        <line num="37" count="2134" type="stmt"/>
        <line num="39" count="4066" type="cond" truecount="1" falsecount="1"/>
        <line num="40" count="4066" type="stmt"/>
        <line num="41" count="4066" type="stmt"/>
        <line num="43" count="0" type="stmt"/>
        <line num="45" count="6200" type="stmt"/>
        <line num="46" count="6625" type="stmt"/>
        <line num="49" count="1" type="stmt"/>
        <line num="50" count="1" type="stmt"/>
        <line num="55" count="4" type="stmt"/>
      </file>
      <file name="leaders.ts" path="/home/nikita/task2_shri/src/leaders.ts">
        <metrics statements="10" coveredstatements="9" conditionals="9" coveredconditionals="6" methods="5" coveredmethods="5"/>
        <line num="4" count="1" type="stmt"/>
        <line num="5" count="24" type="stmt"/>
        <line num="6" count="2" type="stmt"/>
        <line num="7" count="2" type="stmt"/>
        <line num="8" count="354" type="cond" truecount="1" falsecount="1"/>
        <line num="9" count="354" type="cond" truecount="2" falsecount="0"/>
        <line num="11" count="0" type="cond" truecount="0" falsecount="2"/>
        <line num="15" count="2" type="stmt"/>
        <line num="19" count="24" type="cond" truecount="3" falsecount="0"/>
        <line num="20" count="39" type="stmt"/>
      </file>
      <file name="vote.ts" path="/home/nikita/task2_shri/src/vote.ts">
        <metrics statements="10" coveredstatements="10" conditionals="9" coveredconditionals="9" methods="5" coveredmethods="5"/>
        <line num="4" count="1" type="stmt"/>
        <line num="6" count="36" type="stmt"/>
        <line num="7" count="3" type="stmt"/>
        <line num="8" count="3" type="stmt"/>
        <line num="9" count="3672" type="cond" truecount="2" falsecount="0"/>
        <line num="10" count="3669" type="cond" truecount="2" falsecount="0"/>
        <line num="12" count="3" type="cond" truecount="2" falsecount="0"/>
        <line num="15" count="3" type="stmt"/>
        <line num="19" count="36" type="cond" truecount="3" falsecount="0"/>
        <line num="20" count="53" type="stmt"/>
      </file>
    </package>
    <package name="src.tests.mocks">
      <metrics statements="12" coveredstatements="12" conditionals="0" coveredconditionals="0" methods="0" coveredmethods="0"/>
      <file name="activity.mock.ts" path="/home/nikita/task2_shri/src/tests/mocks/activity.mock.ts">
        <metrics statements="2" coveredstatements="2" conditionals="0" coveredconditionals="0" methods="0" coveredmethods="0"/>
        <line num="2" count="1" type="stmt"/>
        <line num="43" count="1" type="stmt"/>
      </file>
      <file name="chart.mock.ts" path="/home/nikita/task2_shri/src/tests/mocks/chart.mock.ts">
        <metrics statements="2" coveredstatements="2" conditionals="0" coveredconditionals="0" methods="0" coveredmethods="0"/>
        <line num="3" count="1" type="stmt"/>
        <line num="34" count="1" type="stmt"/>
      </file>
      <file name="common.mock.ts" path="/home/nikita/task2_shri/src/tests/mocks/common.mock.ts">
        <metrics statements="2" coveredstatements="2" conditionals="0" coveredconditionals="0" methods="0" coveredmethods="0"/>
        <line num="2" count="5" type="stmt"/>
        <line num="11" count="5" type="stmt"/>
      </file>
      <file name="diagram.mock.ts" path="/home/nikita/task2_shri/src/tests/mocks/diagram.mock.ts">
        <metrics statements="2" coveredstatements="2" conditionals="0" coveredconditionals="0" methods="0" coveredmethods="0"/>
        <line num="3" count="1" type="stmt"/>
        <line num="10" count="1" type="stmt"/>
      </file>
      <file name="leaders.mock.ts" path="/home/nikita/task2_shri/src/tests/mocks/leaders.mock.ts">
        <metrics statements="2" coveredstatements="2" conditionals="0" coveredconditionals="0" methods="0" coveredmethods="0"/>
        <line num="3" count="1" type="stmt"/>
        <line num="62" count="1" type="stmt"/>
      </file>
      <file name="vote.mock.ts" path="/home/nikita/task2_shri/src/tests/mocks/vote.mock.ts">
        <metrics statements="2" coveredstatements="2" conditionals="0" coveredconditionals="0" methods="0" coveredmethods="0"/>
        <line num="1" count="1" type="stmt"/>
        <line num="70" count="1" type="stmt"/>
      </file>
    </package>
  </project>
</coverage>
