{"/home/nikita/task2_shri/src/activity.ts": {"path":"/home/nikita/task2_shri/src/activity.ts","statementMap":{"0":{"start":{"line":6,"column":29},"end":{"line":18,"column":1}},"1":{"start":{"line":7,"column":37},"end":{"line":7,"column":100}},"2":{"start":{"line":8,"column":4},"end":{"line":8,"column":85}},"3":{"start":{"line":8,"column":50},"end":{"line":8,"column":83}},"4":{"start":{"line":9,"column":27},"end":{"line":9,"column":79}},"5":{"start":{"line":10,"column":4},"end":{"line":13,"column":null}},"6":{"start":{"line":11,"column":25},"end":{"line":11,"column":51}},"7":{"start":{"line":12,"column":8},"end":{"line":12,"column":94}},"8":{"start":{"line":14,"column":4},"end":{"line":17,"column":null}},"9":{"start":{"line":6,"column":13},"end":{"line":6,"column":29}}},"fnMap":{"0":{"name":"(anonymous_0)","decl":{"start":{"line":6,"column":29},"end":{"line":6,"column":30}},"loc":{"start":{"line":6,"column":81},"end":{"line":18,"column":1}}},"1":{"name":"(anonymous_1)","decl":{"start":{"line":8,"column":30},"end":{"line":8,"column":31}},"loc":{"start":{"line":8,"column":50},"end":{"line":8,"column":83}}},"2":{"name":"(anonymous_2)","decl":{"start":{"line":10,"column":20},"end":{"line":10,"column":21}},"loc":{"start":{"line":10,"column":31},"end":{"line":13,"column":5}}}},"branchMap":{},"s":{"0":1,"1":2,"2":2,"3":14,"4":2,"5":2,"6":354,"7":354,"8":2,"9":1},"f":{"0":2,"1":14,"2":354},"b":{}}
,"/home/nikita/task2_shri/src/chart.ts": {"path":"/home/nikita/task2_shri/src/chart.ts","statementMap":{"0":{"start":{"line":4,"column":26},"end":{"line":24,"column":1}},"1":{"start":{"line":5,"column":54},"end":{"line":5,"column":110}},"2":{"start":{"line":5,"column":86},"end":{"line":5,"column":109}},"3":{"start":{"line":6,"column":4},"end":{"line":10,"column":null}},"4":{"start":{"line":7,"column":52},"end":{"line":8,"column":104}},"5":{"start":{"line":8,"column":28},"end":{"line":8,"column":101}},"6":{"start":{"line":9,"column":8},"end":{"line":9,"column":79}},"7":{"start":{"line":12,"column":4},"end":{"line":23,"column":null}},"8":{"start":{"line":16,"column":12},"end":{"line":20,"column":null}},"9":{"start":{"line":17,"column":16},"end":{"line":17,"column":null}},"10":{"start":{"line":19,"column":16},"end":{"line":19,"column":71}},"11":{"start":{"line":4,"column":13},"end":{"line":4,"column":26}}},"fnMap":{"0":{"name":"(anonymous_0)","decl":{"start":{"line":4,"column":26},"end":{"line":4,"column":27}},"loc":{"start":{"line":4,"column":116},"end":{"line":24,"column":1}}},"1":{"name":"(anonymous_1)","decl":{"start":{"line":5,"column":76},"end":{"line":5,"column":77}},"loc":{"start":{"line":5,"column":86},"end":{"line":5,"column":109}}},"2":{"name":"(anonymous_2)","decl":{"start":{"line":6,"column":20},"end":{"line":6,"column":21}},"loc":{"start":{"line":6,"column":34},"end":{"line":10,"column":5}}},"3":{"name":"(anonymous_3)","decl":{"start":{"line":8,"column":18},"end":{"line":8,"column":19}},"loc":{"start":{"line":8,"column":28},"end":{"line":8,"column":101}}},"4":{"name":"(anonymous_4)","decl":{"start":{"line":15,"column":29},"end":{"line":15,"column":30}},"loc":{"start":{"line":15,"column":40},"end":{"line":21,"column":9}}}},"branchMap":{"0":{"loc":{"start":{"line":8,"column":28},"end":{"line":8,"column":62}},"type":"binary-expr","locations":[{"start":{"line":8,"column":28},"end":{"line":8,"column":62}},{"start":{"line":8,"column":66},"end":{"line":8,"column":101}}]},"1":{"loc":{"start":{"line":9,"column":58},"end":{"line":9,"column":74}},"type":"cond-expr","locations":[{"start":{"line":9,"column":58},"end":{"line":9,"column":74}},{"start":{"line":9,"column":77},"end":{"line":9,"column":78}}]},"2":{"loc":{"start":{"line":16,"column":12},"end":{"line":20,"column":null}},"type":"if","locations":[{"start":{"line":16,"column":12},"end":{"line":20,"column":null}},{"start":{"line":16,"column":12},"end":{"line":20,"column":null}}]},"3":{"loc":{"start":{"line":17,"column":52},"end":{"line":17,"column":64}},"type":"binary-expr","locations":[{"start":{"line":17,"column":52},"end":{"line":17,"column":64}},{"start":{"line":17,"column":68},"end":{"line":17,"column":69}}]},"4":{"loc":{"start":{"line":19,"column":52},"end":{"line":19,"column":64}},"type":"binary-expr","locations":[{"start":{"line":19,"column":52},"end":{"line":19,"column":64}},{"start":{"line":19,"column":68},"end":{"line":19,"column":69}}]}},"s":{"0":1,"1":1,"2":156,"3":1,"4":7855,"5":103705,"6":7855,"7":1,"8":39,"9":1,"10":38,"11":1},"f":{"0":1,"1":156,"2":7855,"3":103705,"4":39},"b":{"0":[103705,103705],"1":[7821,34],"2":[1,38],"3":[1,0],"4":[38,5]}}
,"/home/nikita/task2_shri/src/diagram.ts": {"path":"/home/nikita/task2_shri/src/diagram.ts","statementMap":{"0":{"start":{"line":4,"column":28},"end":{"line":61,"column":1}},"1":{"start":{"line":6,"column":28},"end":{"line":6,"column":156}},"2":{"start":{"line":6,"column":71},"end":{"line":6,"column":150}},"3":{"start":{"line":7,"column":58},"end":{"line":7,"column":60}},"4":{"start":{"line":8,"column":59},"end":{"line":8,"column":61}},"5":{"start":{"line":9,"column":4},"end":{"line":17,"column":null}},"6":{"start":{"line":10,"column":8},"end":{"line":16,"column":null}},"7":{"start":{"line":11,"column":12},"end":{"line":15,"column":null}},"8":{"start":{"line":12,"column":16},"end":{"line":12,"column":50}},"9":{"start":{"line":14,"column":16},"end":{"line":14,"column":53}},"10":{"start":{"line":18,"column":4},"end":{"line":26,"column":null}},"11":{"start":{"line":19,"column":8},"end":{"line":25,"column":null}},"12":{"start":{"line":20,"column":12},"end":{"line":24,"column":null}},"13":{"start":{"line":21,"column":16},"end":{"line":21,"column":51}},"14":{"start":{"line":23,"column":16},"end":{"line":23,"column":54}},"15":{"start":{"line":27,"column":26},"end":{"line":27,"column":46}},"16":{"start":{"line":28,"column":27},"end":{"line":28,"column":47}},"17":{"start":{"line":29,"column":25},"end":{"line":29,"column":51}},"18":{"start":{"line":30,"column":12},"end":{"line":30,"column":13}},"19":{"start":{"line":31,"column":4},"end":{"line":48,"column":null}},"20":{"start":{"line":32,"column":8},"end":{"line":47,"column":null}},"21":{"start":{"line":35,"column":12},"end":{"line":44,"column":null}},"22":{"start":{"line":36,"column":16},"end":{"line":36,"column":null}},"23":{"start":{"line":37,"column":16},"end":{"line":37,"column":null}},"24":{"start":{"line":39,"column":19},"end":{"line":44,"column":null}},"25":{"start":{"line":40,"column":16},"end":{"line":40,"column":null}},"26":{"start":{"line":41,"column":16},"end":{"line":41,"column":null}},"27":{"start":{"line":43,"column":14},"end":{"line":43,"column":21}},"28":{"start":{"line":45,"column":23},"end":{"line":45,"column":52}},"29":{"start":{"line":46,"column":12},"end":{"line":46,"column":66}},"30":{"start":{"line":46,"column":50},"end":{"line":46,"column":61}},"31":{"start":{"line":49,"column":22},"end":{"line":49,"column":93}},"32":{"start":{"line":50,"column":0},"end":{"line":60,"column":null}},"33":{"start":{"line":55,"column":44},"end":{"line":59,"column":6}},"34":{"start":{"line":4,"column":13},"end":{"line":4,"column":28}}},"fnMap":{"0":{"name":"(anonymous_0)","decl":{"start":{"line":4,"column":28},"end":{"line":4,"column":29}},"loc":{"start":{"line":4,"column":145},"end":{"line":61,"column":1}}},"1":{"name":"(anonymous_1)","decl":{"start":{"line":6,"column":63},"end":{"line":6,"column":64}},"loc":{"start":{"line":6,"column":71},"end":{"line":6,"column":150}}},"2":{"name":"(anonymous_2)","decl":{"start":{"line":9,"column":20},"end":{"line":9,"column":21}},"loc":{"start":{"line":9,"column":31},"end":{"line":17,"column":5}}},"3":{"name":"(anonymous_3)","decl":{"start":{"line":10,"column":33},"end":{"line":10,"column":40}},"loc":{"start":{"line":10,"column":42},"end":{"line":16,"column":9}}},"4":{"name":"(anonymous_4)","decl":{"start":{"line":18,"column":28},"end":{"line":18,"column":29}},"loc":{"start":{"line":18,"column":39},"end":{"line":26,"column":5}}},"5":{"name":"(anonymous_5)","decl":{"start":{"line":19,"column":33},"end":{"line":19,"column":40}},"loc":{"start":{"line":19,"column":42},"end":{"line":25,"column":9}}},"6":{"name":"(anonymous_6)","decl":{"start":{"line":31,"column":21},"end":{"line":31,"column":22}},"loc":{"start":{"line":31,"column":32},"end":{"line":48,"column":5}}},"7":{"name":"(anonymous_7)","decl":{"start":{"line":46,"column":41},"end":{"line":46,"column":42}},"loc":{"start":{"line":46,"column":50},"end":{"line":46,"column":61}}},"8":{"name":"(anonymous_8)","decl":{"start":{"line":55,"column":31},"end":{"line":55,"column":32}},"loc":{"start":{"line":55,"column":44},"end":{"line":59,"column":6}}}},"branchMap":{"0":{"loc":{"start":{"line":6,"column":45},"end":{"line":6,"column":151}},"type":"cond-expr","locations":[{"start":{"line":6,"column":45},"end":{"line":6,"column":151}},{"start":{"line":6,"column":154},"end":{"line":6,"column":156}}]},"1":{"loc":{"start":{"line":6,"column":71},"end":{"line":6,"column":108}},"type":"binary-expr","locations":[{"start":{"line":6,"column":71},"end":{"line":6,"column":108}},{"start":{"line":6,"column":112},"end":{"line":6,"column":150}}]},"2":{"loc":{"start":{"line":11,"column":12},"end":{"line":15,"column":null}},"type":"if","locations":[{"start":{"line":11,"column":12},"end":{"line":15,"column":null}},{"start":{"line":11,"column":12},"end":{"line":15,"column":null}}]},"3":{"loc":{"start":{"line":20,"column":12},"end":{"line":24,"column":null}},"type":"if","locations":[{"start":{"line":20,"column":12},"end":{"line":24,"column":null}},{"start":{"line":20,"column":12},"end":{"line":24,"column":null}}]},"4":{"loc":{"start":{"line":32,"column":8},"end":{"line":47,"column":null}},"type":"if","locations":[{"start":{"line":32,"column":8},"end":{"line":47,"column":null}},{"start":{"line":32,"column":8},"end":{"line":47,"column":null}}]},"5":{"loc":{"start":{"line":35,"column":12},"end":{"line":44,"column":null}},"type":"if","locations":[{"start":{"line":35,"column":12},"end":{"line":44,"column":null}},{"start":{"line":35,"column":12},"end":{"line":44,"column":null}}]},"6":{"loc":{"start":{"line":39,"column":19},"end":{"line":44,"column":null}},"type":"if","locations":[{"start":{"line":39,"column":19},"end":{"line":44,"column":null}},{"start":{"line":39,"column":19},"end":{"line":44,"column":null}}]},"7":{"loc":{"start":{"line":54,"column":27},"end":{"line":54,"column":30}},"type":"cond-expr","locations":[{"start":{"line":54,"column":27},"end":{"line":54,"column":30}},{"start":{"line":54,"column":33},"end":{"line":54,"column":35}}]},"8":{"loc":{"start":{"line":58,"column":62},"end":{"line":58,"column":65}},"type":"cond-expr","locations":[{"start":{"line":58,"column":62},"end":{"line":58,"column":65}},{"start":{"line":58,"column":68},"end":{"line":58,"column":70}}]}},"s":{"0":1,"1":1,"2":655,"3":1,"4":1,"5":1,"6":354,"7":2134,"8":2134,"9":0,"10":1,"11":655,"12":4066,"13":4066,"14":0,"15":1,"16":1,"17":1,"18":1,"19":1,"20":6200,"21":6200,"22":2134,"23":2134,"24":4066,"25":4066,"26":4066,"27":0,"28":6200,"29":6200,"30":6625,"31":1,"32":1,"33":4,"34":1},"f":{"0":1,"1":655,"2":354,"3":2134,"4":655,"5":4066,"6":6200,"7":6625,"8":4},"b":{"0":[1,0],"1":[655,655],"2":[2134,0],"3":[4066,0],"4":[6200,0],"5":[2134,4066],"6":[4066,0],"7":[1,0],"8":[3,1]}}
,"/home/nikita/task2_shri/src/leaders.ts": {"path":"/home/nikita/task2_shri/src/leaders.ts","statementMap":{"0":{"start":{"line":4,"column":28},"end":{"line":23,"column":1}},"1":{"start":{"line":5,"column":34},"end":{"line":5,"column":104}},"2":{"start":{"line":5,"column":69},"end":{"line":5,"column":102}},"3":{"start":{"line":6,"column":52},"end":{"line":6,"column":54}},"4":{"start":{"line":7,"column":4},"end":{"line":13,"column":null}},"5":{"start":{"line":8,"column":8},"end":{"line":12,"column":null}},"6":{"start":{"line":9,"column":12},"end":{"line":9,"column":88}},"7":{"start":{"line":11,"column":12},"end":{"line":11,"column":97}},"8":{"start":{"line":15,"column":4},"end":{"line":21,"column":null}},"9":{"start":{"line":19,"column":36},"end":{"line":19,"column":127}},"10":{"start":{"line":20,"column":25},"end":{"line":20,"column":66}},"11":{"start":{"line":4,"column":13},"end":{"line":4,"column":28}}},"fnMap":{"0":{"name":"(anonymous_0)","decl":{"start":{"line":4,"column":28},"end":{"line":4,"column":29}},"loc":{"start":{"line":4,"column":94},"end":{"line":23,"column":1}}},"1":{"name":"(anonymous_1)","decl":{"start":{"line":5,"column":44},"end":{"line":5,"column":45}},"loc":{"start":{"line":5,"column":69},"end":{"line":5,"column":102}}},"2":{"name":"(anonymous_2)","decl":{"start":{"line":7,"column":20},"end":{"line":7,"column":21}},"loc":{"start":{"line":7,"column":41},"end":{"line":13,"column":5}}},"3":{"name":"(anonymous_3)","decl":{"start":{"line":19,"column":28},"end":{"line":19,"column":29}},"loc":{"start":{"line":19,"column":36},"end":{"line":19,"column":127}}},"4":{"name":"(anonymous_4)","decl":{"start":{"line":20,"column":18},"end":{"line":20,"column":19}},"loc":{"start":{"line":20,"column":25},"end":{"line":20,"column":66}}}},"branchMap":{"0":{"loc":{"start":{"line":8,"column":8},"end":{"line":12,"column":null}},"type":"if","locations":[{"start":{"line":8,"column":8},"end":{"line":12,"column":null}},{"start":{"line":8,"column":8},"end":{"line":12,"column":null}}]},"1":{"loc":{"start":{"line":9,"column":58},"end":{"line":9,"column":83}},"type":"cond-expr","locations":[{"start":{"line":9,"column":58},"end":{"line":9,"column":83}},{"start":{"line":9,"column":86},"end":{"line":9,"column":87}}]},"2":{"loc":{"start":{"line":11,"column":64},"end":{"line":11,"column":92}},"type":"cond-expr","locations":[{"start":{"line":11,"column":64},"end":{"line":11,"column":92}},{"start":{"line":11,"column":95},"end":{"line":11,"column":96}}]},"3":{"loc":{"start":{"line":19,"column":59},"end":{"line":19,"column":80}},"type":"binary-expr","locations":[{"start":{"line":19,"column":59},"end":{"line":19,"column":80}},{"start":{"line":19,"column":84},"end":{"line":19,"column":116}},{"start":{"line":19,"column":121},"end":{"line":19,"column":124}}]}},"s":{"0":1,"1":2,"2":24,"3":2,"4":2,"5":354,"6":354,"7":0,"8":2,"9":24,"10":39,"11":1},"f":{"0":2,"1":24,"2":354,"3":24,"4":39},"b":{"0":[354,0],"1":[342,12],"2":[0,0],"3":[24,12,12]}}
,"/home/nikita/task2_shri/src/vote.ts": {"path":"/home/nikita/task2_shri/src/vote.ts","statementMap":{"0":{"start":{"line":4,"column":25},"end":{"line":22,"column":1}},"1":{"start":{"line":6,"column":34},"end":{"line":6,"column":104}},"2":{"start":{"line":6,"column":69},"end":{"line":6,"column":102}},"3":{"start":{"line":7,"column":52},"end":{"line":7,"column":54}},"4":{"start":{"line":8,"column":4},"end":{"line":14,"column":null}},"5":{"start":{"line":9,"column":8},"end":{"line":13,"column":null}},"6":{"start":{"line":10,"column":12},"end":{"line":10,"column":110}},"7":{"start":{"line":12,"column":12},"end":{"line":12,"column":119}},"8":{"start":{"line":15,"column":4},"end":{"line":21,"column":null}},"9":{"start":{"line":19,"column":38},"end":{"line":19,"column":128}},"10":{"start":{"line":20,"column":28},"end":{"line":20,"column":69}},"11":{"start":{"line":4,"column":13},"end":{"line":4,"column":25}}},"fnMap":{"0":{"name":"(anonymous_0)","decl":{"start":{"line":4,"column":25},"end":{"line":4,"column":26}},"loc":{"start":{"line":4,"column":90},"end":{"line":22,"column":1}}},"1":{"name":"(anonymous_1)","decl":{"start":{"line":6,"column":44},"end":{"line":6,"column":45}},"loc":{"start":{"line":6,"column":69},"end":{"line":6,"column":102}}},"2":{"name":"(anonymous_2)","decl":{"start":{"line":8,"column":21},"end":{"line":8,"column":22}},"loc":{"start":{"line":8,"column":50},"end":{"line":14,"column":5}}},"3":{"name":"(anonymous_3)","decl":{"start":{"line":19,"column":28},"end":{"line":19,"column":29}},"loc":{"start":{"line":19,"column":38},"end":{"line":19,"column":128}}},"4":{"name":"(anonymous_4)","decl":{"start":{"line":20,"column":18},"end":{"line":20,"column":19}},"loc":{"start":{"line":20,"column":28},"end":{"line":20,"column":69}}}},"branchMap":{"0":{"loc":{"start":{"line":9,"column":8},"end":{"line":13,"column":null}},"type":"if","locations":[{"start":{"line":9,"column":8},"end":{"line":13,"column":null}},{"start":{"line":9,"column":8},"end":{"line":13,"column":null}}]},"1":{"loc":{"start":{"line":10,"column":58},"end":{"line":10,"column":94}},"type":"cond-expr","locations":[{"start":{"line":10,"column":58},"end":{"line":10,"column":94}},{"start":{"line":10,"column":97},"end":{"line":10,"column":109}}]},"2":{"loc":{"start":{"line":12,"column":64},"end":{"line":12,"column":103}},"type":"cond-expr","locations":[{"start":{"line":12,"column":64},"end":{"line":12,"column":103}},{"start":{"line":12,"column":106},"end":{"line":12,"column":118}}]},"3":{"loc":{"start":{"line":19,"column":61},"end":{"line":19,"column":82}},"type":"binary-expr","locations":[{"start":{"line":19,"column":61},"end":{"line":19,"column":82}},{"start":{"line":19,"column":86},"end":{"line":19,"column":118}},{"start":{"line":19,"column":123},"end":{"line":19,"column":126}}]}},"s":{"0":1,"1":3,"2":36,"3":3,"4":3,"5":3672,"6":3669,"7":3,"8":3,"9":36,"10":53,"11":1},"f":{"0":3,"1":36,"2":3672,"3":36,"4":53},"b":{"0":[3669,3],"1":[3640,29],"2":[1,2],"3":[36,12,24]}}
,"/home/nikita/task2_shri/src/tests/mocks/activity.mock.ts": {"path":"/home/nikita/task2_shri/src/tests/mocks/activity.mock.ts","statementMap":{"0":{"start":{"line":2,"column":13},"end":{"line":42,"column":null}},"1":{"start":{"line":43,"column":13},"end":{"line":53,"column":null}}},"fnMap":{},"branchMap":{},"s":{"0":1,"1":1},"f":{},"b":{}}
,"/home/nikita/task2_shri/src/tests/mocks/chart.mock.ts": {"path":"/home/nikita/task2_shri/src/tests/mocks/chart.mock.ts","statementMap":{"0":{"start":{"line":3,"column":13},"end":{"line":33,"column":null}},"1":{"start":{"line":34,"column":13},"end":{"line":131,"column":null}}},"fnMap":{},"branchMap":{},"s":{"0":1,"1":1},"f":{},"b":{}}
,"/home/nikita/task2_shri/src/tests/mocks/common.mock.ts": {"path":"/home/nikita/task2_shri/src/tests/mocks/common.mock.ts","statementMap":{"0":{"start":{"line":2,"column":13},"end":{"line":9,"column":null}},"1":{"start":{"line":11,"column":13},"end":{"line":250,"column":null}}},"fnMap":{},"branchMap":{},"s":{"0":5,"1":5},"f":{},"b":{}}
,"/home/nikita/task2_shri/src/tests/mocks/diagram.mock.ts": {"path":"/home/nikita/task2_shri/src/tests/mocks/diagram.mock.ts","statementMap":{"0":{"start":{"line":3,"column":13},"end":{"line":9,"column":null}},"1":{"start":{"line":10,"column":13},"end":{"line":30,"column":null}}},"fnMap":{},"branchMap":{},"s":{"0":1,"1":1},"f":{},"b":{}}
,"/home/nikita/task2_shri/src/tests/mocks/leaders.mock.ts": {"path":"/home/nikita/task2_shri/src/tests/mocks/leaders.mock.ts","statementMap":{"0":{"start":{"line":3,"column":13},"end":{"line":61,"column":null}},"1":{"start":{"line":62,"column":13},"end":{"line":115,"column":null}}},"fnMap":{},"branchMap":{},"s":{"0":1,"1":1},"f":{},"b":{}}
,"/home/nikita/task2_shri/src/tests/mocks/vote.mock.ts": {"path":"/home/nikita/task2_shri/src/tests/mocks/vote.mock.ts","statementMap":{"0":{"start":{"line":1,"column":13},"end":{"line":69,"column":null}},"1":{"start":{"line":70,"column":13},"end":{"line":123,"column":null}}},"fnMap":{},"branchMap":{},"s":{"0":1,"1":1},"f":{},"b":{}}
}
