TN:
SF:src/activity.ts
FN:6,(anonymous_0)
FN:8,(anonymous_1)
FN:10,(anonymous_2)
FNF:3
FNH:3
FNDA:2,(anonymous_0)
FNDA:14,(anonymous_1)
FNDA:354,(anonymous_2)
DA:6,1
DA:7,2
DA:8,14
DA:9,2
DA:10,2
DA:11,354
DA:12,354
DA:14,2
LF:8
LH:8
BRF:0
BRH:0
end_of_record
TN:
SF:src/chart.ts
FN:4,(anonymous_0)
FN:5,(anonymous_1)
FN:6,(anonymous_2)
FN:8,(anonymous_3)
FN:15,(anonymous_4)
FNF:5
FNH:5
FNDA:1,(anonymous_0)
FNDA:156,(anonymous_1)
FNDA:7855,(anonymous_2)
FNDA:103705,(anonymous_3)
FNDA:39,(anonymous_4)
DA:4,1
DA:5,156
DA:6,1
DA:7,7855
DA:8,103705
DA:9,7855
DA:12,1
DA:16,39
DA:17,1
DA:19,38
LF:10
LH:10
BRDA:8,0,0,103705
BRDA:8,0,1,103705
BRDA:9,1,0,7821
BRDA:9,1,1,34
BRDA:16,2,0,1
BRDA:16,2,1,38
BRDA:17,3,0,1
BRDA:17,3,1,0
BRDA:19,4,0,38
BRDA:19,4,1,5
BRF:10
BRH:9
end_of_record
TN:
SF:src/diagram.ts
FN:4,(anonymous_0)
FN:6,(anonymous_1)
FN:9,(anonymous_2)
FN:10,(anonymous_3)
FN:18,(anonymous_4)
FN:19,(anonymous_5)
FN:31,(anonymous_6)
FN:46,(anonymous_7)
FN:55,(anonymous_8)
FNF:9
FNH:9
FNDA:1,(anonymous_0)
FNDA:655,(anonymous_1)
FNDA:354,(anonymous_2)
FNDA:2134,(anonymous_3)
FNDA:655,(anonymous_4)
FNDA:4066,(anonymous_5)
FNDA:6200,(anonymous_6)
FNDA:6625,(anonymous_7)
FNDA:4,(anonymous_8)
DA:4,1
DA:6,655
DA:7,1
DA:8,1
DA:9,1
DA:10,354
DA:11,2134
DA:12,2134
DA:14,0
DA:18,1
DA:19,655
DA:20,4066
DA:21,4066
DA:23,0
DA:27,1
DA:28,1
DA:29,1
DA:30,1
DA:31,1
DA:32,6200
DA:35,6200
DA:36,2134
DA:37,2134
DA:39,4066
DA:40,4066
DA:41,4066
DA:43,0
DA:45,6200
DA:46,6625
DA:49,1
DA:50,1
DA:55,4
LF:32
LH:29
BRDA:6,0,0,1
BRDA:6,0,1,0
BRDA:6,1,0,655
BRDA:6,1,1,655
BRDA:11,2,0,2134
BRDA:11,2,1,0
BRDA:20,3,0,4066
BRDA:20,3,1,0
BRDA:32,4,0,6200
BRDA:32,4,1,0
BRDA:35,5,0,2134
BRDA:35,5,1,4066
BRDA:39,6,0,4066
BRDA:39,6,1,0
BRDA:54,7,0,1
BRDA:54,7,1,0
BRDA:58,8,0,3
BRDA:58,8,1,1
BRF:18
BRH:12
end_of_record
TN:
SF:src/leaders.ts
FN:4,(anonymous_0)
FN:5,(anonymous_1)
FN:7,(anonymous_2)
FN:19,(anonymous_3)
FN:20,(anonymous_4)
FNF:5
FNH:5
FNDA:2,(anonymous_0)
FNDA:24,(anonymous_1)
FNDA:354,(anonymous_2)
FNDA:24,(anonymous_3)
FNDA:39,(anonymous_4)
DA:4,1
DA:5,24
DA:6,2
DA:7,2
DA:8,354
DA:9,354
DA:11,0
DA:15,2
DA:19,24
DA:20,39
LF:10
LH:9
BRDA:8,0,0,354
BRDA:8,0,1,0
BRDA:9,1,0,342
BRDA:9,1,1,12
BRDA:11,2,0,0
BRDA:11,2,1,0
BRDA:19,3,0,24
BRDA:19,3,1,12
BRDA:19,3,2,12
BRF:9
BRH:6
end_of_record
TN:
SF:src/vote.ts
FN:4,(anonymous_0)
FN:6,(anonymous_1)
FN:8,(anonymous_2)
FN:19,(anonymous_3)
FN:20,(anonymous_4)
FNF:5
FNH:5
FNDA:3,(anonymous_0)
FNDA:36,(anonymous_1)
FNDA:3672,(anonymous_2)
FNDA:36,(anonymous_3)
FNDA:53,(anonymous_4)
DA:4,1
DA:6,36
DA:7,3
DA:8,3
DA:9,3672
DA:10,3669
DA:12,3
DA:15,3
DA:19,36
DA:20,53
LF:10
LH:10
BRDA:9,0,0,3669
BRDA:9,0,1,3
BRDA:10,1,0,3640
BRDA:10,1,1,29
BRDA:12,2,0,1
BRDA:12,2,1,2
BRDA:19,3,0,36
BRDA:19,3,1,12
BRDA:19,3,2,24
BRF:9
BRH:9
end_of_record
TN:
SF:src/tests/mocks/activity.mock.ts
FNF:0
FNH:0
DA:2,1
DA:43,1
LF:2
LH:2
BRF:0
BRH:0
end_of_record
TN:
SF:src/tests/mocks/chart.mock.ts
FNF:0
FNH:0
DA:3,1
DA:34,1
LF:2
LH:2
BRF:0
BRH:0
end_of_record
TN:
SF:src/tests/mocks/common.mock.ts
FNF:0
FNH:0
DA:2,5
DA:11,5
LF:2
LH:2
BRF:0
BRH:0
end_of_record
TN:
SF:src/tests/mocks/diagram.mock.ts
FNF:0
FNH:0
DA:3,1
DA:10,1
LF:2
LH:2
BRF:0
BRH:0
end_of_record
TN:
SF:src/tests/mocks/leaders.mock.ts
FNF:0
FNH:0
DA:3,1
DA:62,1
LF:2
LH:2
BRF:0
BRH:0
end_of_record
TN:
SF:src/tests/mocks/vote.mock.ts
FNF:0
FNH:0
DA:1,1
DA:70,1
LF:2
LH:2
BRF:0
BRH:0
end_of_record
